11:09:08 **** Build of configuration gcc-release for project veins ****
make MODE=release -j12 all 
make[1]: Entering directory '/c/Users/Pranitha/Downloads/veins-5.3.1/veins-veins-5.3.1/src'
MSGC: veins/common.msg
MSGC: veins/base/messages/AirFrame.msg
MSGC: veins/base/messages/BorderMsg.msg
MSGC: veins/base/messages/MacPkt.msg
MSGC: veins/base/toolbox/Signal.msg
MSGC: veins/base/utils/Coord.msg
MSGC: veins/base/utils/POA.msg
MSGC: veins/base/utils/SimpleAddress.msg
MSGC: veins/modules/application/traci/TraCIDemo11pMessage.msg
MSGC: veins/modules/messages/AckTimeOutMessage.msg
MSGC: veins/modules/messages/AirFrame11p.msg
MSGC: veins/modules/messages/BaseFrame1609_4.msg
MSGC: veins/modules/messages/DemoSafetyMessage.msg
MSGC: veins/modules/messages/DemoServiceAdvertisement.msg
MSGC: veins/modules/messages/Mac80211Ack.msg
MSGC: veins/modules/messages/Mac80211Pkt.msg
MSGC: veins/modules/messages/PhyControlMessage.msg
MSGC: veins/modules/messages/TraCITrafficLightMessage.msg
veins/base/connectionManager/BaseConnectionManager.cc
veins/base/connectionManager/ChannelAccess.cc
veins/base/connectionManager/ConnectionManager.cc
veins/base/connectionManager/NicEntryDirect.cc
veins/base/connectionManager/NicEntryDebug.cc
veins/base/modules/BaseApplLayer.cc
veins/base/modules/BaseBattery.cc
veins/base/modules/BaseMacLayer.cc
veins/base/modules/BaseLayer.cc
veins/base/modules/BaseWorldUtility.cc
veins/base/modules/BaseMobility.cc
veins/base/modules/BaseModule.cc
veins/base/modules/BatteryAccess.cc
veins/base/phyLayer/Antenna.cc
veins/base/phyLayer/BaseDecider.cc
veins/base/phyLayer/Decider.cc
veins/base/phyLayer/ChannelInfo.cc
veins/base/phyLayer/BasePhyLayer.cc
veins/base/phyLayer/PhyUtils.cc
veins/base/toolbox/Signal.cc
veins/base/toolbox/SignalUtils.cc
veins/base/toolbox/Spectrum.cc
veins/base/utils/Coord.cc
veins/base/utils/Heading.cc
veins/base/utils/NedFunctions.cc
veins/base/utils/NetwToMacControlInfo.cc
veins/base/utils/SimpleAddress.cc
veins/base/utils/winsupport.cc
veins/modules/analogueModel/BreakpointPathlossModel.cc
veins/modules/analogueModel/NakagamiFading.cc
veins/modules/analogueModel/PERModel.cc
veins/modules/analogueModel/SimpleObstacleShadowing.cc
veins/modules/analogueModel/SimplePathlossModel.cc
veins/modules/analogueModel/TwoRayInterferenceModel.cc
veins/modules/application/ieee80211p/DemoBaseApplLayer.cc
veins/modules/analogueModel/VehicleObstacleShadowing.cc
veins/modules/application/traci/MyVeinsApp.cc
veins/modules/application/traci/TraCIDemo11p.cc
veins/modules/application/traci/TraCIDemoRSU11p.cc
veins/modules/application/traci/TraCIDemoTrafficLightApp.cc
veins/modules/mac/ieee80211p/Mac1609_4.cc
veins/modules/mobility/LinearMobility.cc
veins/modules/mobility/traci/TraCIBuffer.cc
veins/modules/mobility/traci/TraCIColor.cc
veins/modules/mobility/traci/TraCICommandInterface.cc
veins/modules/mobility/traci/TraCIConnection.cc
veins/modules/mobility/traci/TraCICoordinateTransformation.cc
veins/modules/mobility/traci/TraCILauncher.cc
veins/modules/mobility/traci/TraCIMobility.cc
veins/modules/mobility/traci/TraCIRegionOfInterest.cc
veins/modules/mobility/traci/TraCIScenarioManager.cc
veins/modules/mobility/traci/TraCIScenarioManagerForker.cc
veins/modules/mobility/traci/TraCIScenarioManagerLaunchd.cc
veins/modules/mobility/traci/TraCIScreenRecorder.cc
veins/modules/mobility/traci/TraCIVehicleInserter.cc
veins/modules/obstacle/MobileHostObstacle.cc
veins/modules/obstacle/Obstacle.cc
veins/modules/obstacle/ObstacleControl.cc
veins/modules/obstacle/VehicleObstacleControl.cc
veins/modules/phy/Decider80211p.cc
veins/modules/phy/NistErrorRate.cc
veins/modules/phy/PhyLayer80211p.cc
veins/modules/phy/SampledAntenna1D.cc
veins/modules/utility/BBoxLookup.cc
veins/modules/utility/HasLogProxy.cc
veins/modules/utility/TimerManager.cc
veins/modules/world/annotations/AnnotationDummy.cc
veins/modules/world/annotations/AnnotationManager.cc
veins/modules/world/traci/trafficLight/TraCITrafficLightInterface.cc
veins/modules/world/traci/trafficLight/TraCITrafficLightProgram.cc
veins/modules/world/traci/trafficLight/logics/TraCITrafficLightAbstractLogic.cc
veins/modules/world/traci/trafficLight/logics/TraCITrafficLightSimpleLogic.cc
veins/visualizer/roads/RoadsCanvasVisualizer.cc
veins/visualizer/roads/RoadsOsgVisualizer.cc
veins/common_m.cc
veins/base/messages/AirFrame_m.cc
veins/base/messages/BorderMsg_m.cc
veins/base/messages/MacPkt_m.cc
veins/base/toolbox/Signal_m.cc
veins/base/utils/Coord_m.cc
veins/base/utils/POA_m.cc
veins/base/utils/SimpleAddress_m.cc
veins/modules/application/traci/TraCIDemo11pMessage_m.cc
veins/modules/messages/AckTimeOutMessage_m.cc
veins/modules/messages/AirFrame11p_m.cc
veins/modules/messages/BaseFrame1609_4_m.cc
veins/modules/messages/DemoSafetyMessage_m.cc
veins/modules/messages/DemoServiceAdvertisement_m.cc
veins/modules/messages/Mac80211Ack_m.cc
veins/modules/messages/Mac80211Pkt_m.cc
veins/modules/messages/PhyControlMessage_m.cc
veins/modules/messages/TraCITrafficLightMessage_m.cc
Creating shared library: ../out/clang-release/src/libveins.dll
make[1]: Leaving directory '/c/Users/Pranitha/Downloads/veins-5.3.1/veins-veins-5.3.1/src'
11:11:02 **** Build of configuration release for project ICDDR ****
make MODE=release all 
cd src && /usr/bin/make
make[1]: Entering directory '/c/Users/Pranitha/OneDrive/Desktop/ICDDR/ICDDR/src'
MSGC: ICDDRMessage.msg
ICDDRRSU.cc
In file included from ICDDRRSU.cc:1:
In file included from ./ICDDRRSU.h:2:
In file included from C:/Users/Pranitha/Downloads/veins-5.3.1/veins-veins-5.3.1/src/veins/modules/application/ieee80211p/DemoBaseApplLayer.h:30:
In file included from C:/Users/Pranitha/Downloads/veins-5.3.1/veins-veins-5.3.1/src/veins/modules/messages/DemoServiceAdvertisement_m.h:37:
In file included from C:/Users/Pranitha/Downloads/veins-5.3.1/veins-veins-5.3.1/src/veins/base/utils/Coord_m.h:39:
C:/Users/Pranitha/Downloads/veins-5.3.1/veins-veins-5.3.1/src/veins/base/utils/Coord.h:337:27: warning: 'veins::Coord::info' redeclared inline; 'dllimport' attribute ignored [-Wignored-attributes]
inline std::string Coord::info() const
                          ^
1 warning generated.
ICDDRVehicle.cc
In file included from ICDDRVehicle.cc:1:
In file included from ./ICDDRVehicle.h:3:
In file included from C:/Users/Pranitha/Downloads/veins-5.3.1/veins-veins-5.3.1/src/veins/modules/application/ieee80211p/DemoBaseApplLayer.h:30:
In file included from C:/Users/Pranitha/Downloads/veins-5.3.1/veins-veins-5.3.1/src/veins/modules/messages/DemoServiceAdvertisement_m.h:37:
In file included from C:/Users/Pranitha/Downloads/veins-5.3.1/veins-veins-5.3.1/src/veins/base/utils/Coord_m.h:39:
C:/Users/Pranitha/Downloads/veins-5.3.1/veins-veins-5.3.1/src/veins/base/utils/Coord.h:337:27: warning: 'veins::Coord::info' redeclared inline; 'dllimport' attribute ignored [-Wignored-attributes]
inline std::string Coord::info() const
                          ^
1 warning generated.
ICDDRMessage_m.cc
In file included from ICDDRMessage_m.cc:31:
In file included from ./ICDDRMessage_m.h:27:
In file included from C:/Users/Pranitha/Downloads/veins-5.3.1/veins-veins-5.3.1/src/veins/base/utils/Coord_m.h:39:
C:/Users/Pranitha/Downloads/veins-5.3.1/veins-veins-5.3.1/src/veins/base/utils/Coord.h:337:27: warning: 'veins::Coord::info' redeclared inline; 'dllimport' attribute ignored [-Wignored-attributes]
inline std::string Coord::info() const
                          ^
1 warning generated.
Creating executable: ../out/clang-release/src/ICDDR.exe
ld.lld: warning: duplicate symbol: .refptr._ZTIDn
>>> defined at ../out/clang-release/src/ICDDRMessage_m.o
>>> defined at libveins.dll

ld.lld: warning: duplicate symbol: .refptr._ZTIPl
>>> defined at ../out/clang-release/src/ICDDRMessage_m.o
>>> defined at libveins.dll

ld.lld: warning: duplicate symbol: typeinfo for veins::BaseModule
>>> defined at ../out/clang-release/src/ICDDRRSU.o
>>> defined at libveins.dll

ld.lld: warning: duplicate symbol: typeinfo for veins::BaseApplLayer
>>> defined at ../out/clang-release/src/ICDDRRSU.o
>>> defined at libveins.dll

ld.lld: warning: duplicate symbol: typeinfo for veins::BatteryAccess
>>> defined at ../out/clang-release/src/ICDDRRSU.o
>>> defined at libveins.dll

ld.lld: warning: duplicate symbol: typeinfo for veins::BaseFrame1609_4
>>> defined at ../out/clang-release/src/ICDDRRSU.o
>>> defined at libveins.dll

ld.lld: warning: duplicate symbol: typeinfo for veins::DemoBaseApplLayer
>>> defined at ../out/clang-release/src/ICDDRRSU.o
>>> defined at libveins.dll

ld.lld: warning: duplicate symbol: typeinfo for veins::BaseLayer
>>> defined at ../out/clang-release/src/ICDDRRSU.o
>>> defined at libveins.dll

ld.lld: warning: duplicate symbol: typeinfo for omnetpp::cComponent
>>> defined at ../out/clang-release/src/ICDDRRSU.o
>>> defined at libveins.dll

ld.lld: warning: duplicate symbol: typeinfo for omnetpp::cException
>>> defined at ../out/clang-release/src/ICDDRRSU.o
>>> defined at libveins.dll

ld.lld: warning: duplicate symbol: typeinfo for omnetpp::cIListener
>>> defined at ../out/clang-release/src/ICDDRRSU.o
>>> defined at libveins.dll

ld.lld: warning: duplicate symbol: typeinfo for omnetpp::cSoftOwner
>>> defined at ../out/clang-release/src/ICDDRRSU.o
>>> defined at libveins.dll

ld.lld: warning: duplicate symbol: typeinfo for omnetpp::noncopyable
>>> defined at ../out/clang-release/src/ICDDRRSU.o
>>> defined at libveins.dll

ld.lld: warning: duplicate symbol: typeinfo for omnetpp::cNamedObject
>>> defined at ../out/clang-release/src/ICDDRRSU.o
>>> defined at libveins.dll

ld.lld: warning: duplicate symbol: typeinfo for omnetpp::cOwnedObject
>>> defined at ../out/clang-release/src/ICDDRRSU.o
>>> defined at libveins.dll

ld.lld: warning: duplicate symbol: typeinfo for omnetpp::cRuntimeError
>>> defined at ../out/clang-release/src/ICDDRRSU.o
>>> defined at libveins.dll

ld.lld: warning: duplicate symbol: typeinfo for omnetpp::cSimpleModule
>>> defined at ../out/clang-release/src/ICDDRRSU.o
>>> defined at libveins.dll

ld.lld: warning: duplicate symbol: typeinfo for omnetpp::cClassDescriptor
>>> defined at ../out/clang-release/src/ICDDRMessage_m.o
>>> defined at libveins.dll

ld.lld: warning: duplicate symbol: typeinfo for omnetpp::cNoncopyableOwnedObject
>>> defined at ../out/clang-release/src/ICDDRRSU.o
>>> defined at libveins.dll

ld.lld: warning: duplicate symbol: typeinfo for omnetpp::cEvent
>>> defined at ../out/clang-release/src/ICDDRRSU.o
>>> defined at libveins.dll

ld.lld: warning: duplicate symbol: typeinfo for omnetpp::cModule
>>> defined at ../out/clang-release/src/ICDDRRSU.o
>>> defined at libveins.dll

ld.lld: warning: duplicate symbol: typeinfo for omnetpp::cObject
>>> defined at ../out/clang-release/src/ICDDRRSU.o
>>> defined at libveins.dll

ld.lld: warning: duplicate symbol: typeinfo for omnetpp::cPacket
>>> defined at ../out/clang-release/src/ICDDRRSU.o
>>> defined at libveins.dll

ld.lld: warning: duplicate symbol: typeinfo for omnetpp::cMessage
>>> defined at ../out/clang-release/src/ICDDRRSU.o
>>> defined at libveins.dll

ld.lld: warning: duplicate symbol: typeinfo for omnetpp::cListener
>>> defined at ../out/clang-release/src/ICDDRRSU.o
>>> defined at libveins.dll

ld.lld: warning: duplicate symbol: typeinfo for omnetpp::cObject*
>>> defined at ../out/clang-release/src/ICDDRMessage_m.o
>>> defined at libveins.dll

ld.lld: warning: duplicate symbol: typeinfo for std::exception
>>> defined at ../out/clang-release/src/ICDDRRSU.o
>>> defined at libveins.dll

ld.lld: warning: duplicate symbol: non-virtual thunk to veins::BaseModule::finish(omnetpp::cComponent*, int)
>>> defined at C:/Users/Pranitha/Downloads/veins-5.3.1/veins-veins-5.3.1/src/veins/base/modules/BaseModule.h:0
>>>            ../out/clang-release/src/ICDDRRSU.o
>>> defined at libveins.dll
make[1]: Leaving directory '/c/Users/Pranitha/OneDrive/Desktop/ICDDR/ICDDR/src'
11:11:42 **** Incremental Build of configuration gcc-release for project veins ****
make MODE=release -j12 all 
make[1]: Entering directory '/c/Users/Pranitha/Downloads/veins-5.3.1/veins-veins-5.3.1/src'
make[1]: Nothing to be done for 'all'.
make[1]: Leaving directory '/c/Users/Pranitha/Downloads/veins-5.3.1/veins-veins-5.3.1/src'
11:11:44 **** Incremental Build of configuration release for project ICDDR ****
make MODE=release all 
cd src && /usr/bin/make
make[1]: Entering directory '/c/Users/Pranitha/OneDrive/Desktop/ICDDR/ICDDR/src'
make[1]: Nothing to be done for 'all'.
make[1]: Leaving directory '/c/Users/Pranitha/OneDrive/Desktop/ICDDR/ICDDR/src'
11:17:23 **** Incremental Build of configuration gcc-release for project veins ****
make MODE=release -j12 all 
make[1]: Entering directory '/c/Users/Pranitha/Downloads/veins-5.3.1/veins-veins-5.3.1/src'
make[1]: Nothing to be done for 'all'.
make[1]: Leaving directory '/c/Users/Pranitha/Downloads/veins-5.3.1/veins-veins-5.3.1/src'
11:17:29 **** Incremental Build of configuration release for project ICDDR ****
make MODE=release all 
cd src && /usr/bin/make
make[1]: Entering directory '/c/Users/Pranitha/OneDrive/Desktop/ICDDR/ICDDR/src'
make[1]: Nothing to be done for 'all'.
make[1]: Leaving directory '/c/Users/Pranitha/OneDrive/Desktop/ICDDR/ICDDR/src'
11:19:44 **** Incremental Build of configuration gcc-release for project veins ****
make MODE=release -j12 all 
make[1]: Entering directory '/c/Users/Pranitha/Downloads/veins-5.3.1/veins-veins-5.3.1/src'
make[1]: Nothing to be done for 'all'.
make[1]: Leaving directory '/c/Users/Pranitha/Downloads/veins-5.3.1/veins-veins-5.3.1/src'
11:19:46 **** Incremental Build of configuration release for project ICDDR ****
make MODE=release all 
cd src && /usr/bin/make
make[1]: Entering directory '/c/Users/Pranitha/OneDrive/Desktop/ICDDR/ICDDR/src'
make[1]: Nothing to be done for 'all'.
make[1]: Leaving directory '/c/Users/Pranitha/OneDrive/Desktop/ICDDR/ICDDR/src'
11:20:42 **** Incremental Build of configuration gcc-release for project veins ****
make MODE=release -j12 all 
make[1]: Entering directory '/c/Users/Pranitha/Downloads/veins-5.3.1/veins-veins-5.3.1/src'
make[1]: Nothing to be done for 'all'.
make[1]: Leaving directory '/c/Users/Pranitha/Downloads/veins-5.3.1/veins-veins-5.3.1/src'
11:20:44 **** Build of configuration release for project FCR ****
make MODE=release all 
cd src && /usr/bin/make
make[1]: Entering directory '/c/Users/Pranitha/OneDrive/Desktop/ICDDR/FCR/src'
FCRRSU.cc
In file included from FCRRSU.cc:1:
In file included from ./FCRRSU.h:2:
In file included from C:/Users/Pranitha/Downloads/veins-5.3.1/veins-veins-5.3.1/src/veins/modules/application/ieee80211p/DemoBaseApplLayer.h:30:
In file included from C:/Users/Pranitha/Downloads/veins-5.3.1/veins-veins-5.3.1/src/veins/modules/messages/DemoServiceAdvertisement_m.h:37:
In file included from C:/Users/Pranitha/Downloads/veins-5.3.1/veins-veins-5.3.1/src/veins/base/utils/Coord_m.h:39:
C:/Users/Pranitha/Downloads/veins-5.3.1/veins-veins-5.3.1/src/veins/base/utils/Coord.h:337:27: warning: 'veins::Coord::info' redeclared inline; 'dllimport' attribute ignored [-Wignored-attributes]
inline std::string Coord::info() const
                          ^
1 warning generated.
FCRVehicle.cc
In file included from FCRVehicle.cc:1:
In file included from ./FCRVehicle.h:2:
In file included from C:/Users/Pranitha/Downloads/veins-5.3.1/veins-veins-5.3.1/src/veins/modules/application/ieee80211p/DemoBaseApplLayer.h:30:
In file included from C:/Users/Pranitha/Downloads/veins-5.3.1/veins-veins-5.3.1/src/veins/modules/messages/DemoServiceAdvertisement_m.h:37:
In file included from C:/Users/Pranitha/Downloads/veins-5.3.1/veins-veins-5.3.1/src/veins/base/utils/Coord_m.h:39:
C:/Users/Pranitha/Downloads/veins-5.3.1/veins-veins-5.3.1/src/veins/base/utils/Coord.h:337:27: warning: 'veins::Coord::info' redeclared inline; 'dllimport' attribute ignored [-Wignored-attributes]
inline std::string Coord::info() const
                          ^
1 warning generated.
FCRMessage_m.cc
Creating executable: ../out/clang-release/src/FCR.exe
ld.lld: warning: duplicate symbol: .refptr._ZTIDn
>>> defined at ../out/clang-release/src/FCRMessage_m.o
>>> defined at libveins.dll

ld.lld: warning: duplicate symbol: typeinfo for veins::BaseModule
>>> defined at ../out/clang-release/src/FCRRSU.o
>>> defined at libveins.dll

ld.lld: warning: duplicate symbol: typeinfo for veins::BaseApplLayer
>>> defined at ../out/clang-release/src/FCRRSU.o
>>> defined at libveins.dll

ld.lld: warning: duplicate symbol: typeinfo for veins::BatteryAccess
>>> defined at ../out/clang-release/src/FCRRSU.o
>>> defined at libveins.dll

ld.lld: warning: duplicate symbol: typeinfo for veins::BaseFrame1609_4
>>> defined at ../out/clang-release/src/FCRRSU.o
>>> defined at libveins.dll

ld.lld: warning: duplicate symbol: typeinfo for veins::DemoBaseApplLayer
>>> defined at ../out/clang-release/src/FCRRSU.o
>>> defined at libveins.dll

ld.lld: warning: duplicate symbol: typeinfo for veins::BaseLayer
>>> defined at ../out/clang-release/src/FCRRSU.o
>>> defined at libveins.dll

ld.lld: warning: duplicate symbol: typeinfo for omnetpp::cComponent
>>> defined at ../out/clang-release/src/FCRRSU.o
>>> defined at libveins.dll

ld.lld: warning: duplicate symbol: typeinfo for omnetpp::cException
>>> defined at ../out/clang-release/src/FCRRSU.o
>>> defined at libveins.dll

ld.lld: warning: duplicate symbol: typeinfo for omnetpp::cIListener
>>> defined at ../out/clang-release/src/FCRRSU.o
>>> defined at libveins.dll

ld.lld: warning: duplicate symbol: typeinfo for omnetpp::cSoftOwner
>>> defined at ../out/clang-release/src/FCRRSU.o
>>> defined at libveins.dll

ld.lld: warning: duplicate symbol: typeinfo for omnetpp::noncopyable
>>> defined at ../out/clang-release/src/FCRRSU.o
>>> defined at libveins.dll

ld.lld: warning: duplicate symbol: typeinfo for omnetpp::cNamedObject
>>> defined at ../out/clang-release/src/FCRRSU.o
>>> defined at libveins.dll

ld.lld: warning: duplicate symbol: typeinfo for omnetpp::cOwnedObject
>>> defined at ../out/clang-release/src/FCRRSU.o
>>> defined at libveins.dll

ld.lld: warning: duplicate symbol: typeinfo for omnetpp::cRuntimeError
>>> defined at ../out/clang-release/src/FCRRSU.o
>>> defined at libveins.dll

ld.lld: warning: duplicate symbol: typeinfo for omnetpp::cSimpleModule
>>> defined at ../out/clang-release/src/FCRRSU.o
>>> defined at libveins.dll

ld.lld: warning: duplicate symbol: typeinfo for omnetpp::cClassDescriptor
>>> defined at ../out/clang-release/src/FCRMessage_m.o
>>> defined at libveins.dll

ld.lld: warning: duplicate symbol: typeinfo for omnetpp::cNoncopyableOwnedObject
>>> defined at ../out/clang-release/src/FCRRSU.o
>>> defined at libveins.dll

ld.lld: warning: duplicate symbol: typeinfo for omnetpp::cEvent
>>> defined at ../out/clang-release/src/FCRRSU.o
>>> defined at libveins.dll

ld.lld: warning: duplicate symbol: typeinfo for omnetpp::cModule
>>> defined at ../out/clang-release/src/FCRRSU.o
>>> defined at libveins.dll

ld.lld: warning: duplicate symbol: typeinfo for omnetpp::cObject
>>> defined at ../out/clang-release/src/FCRRSU.o
>>> defined at libveins.dll

ld.lld: warning: duplicate symbol: typeinfo for omnetpp::cPacket
>>> defined at ../out/clang-release/src/FCRRSU.o
>>> defined at libveins.dll

ld.lld: warning: duplicate symbol: typeinfo for omnetpp::cMessage
>>> defined at ../out/clang-release/src/FCRRSU.o
>>> defined at libveins.dll

ld.lld: warning: duplicate symbol: typeinfo for omnetpp::cListener
>>> defined at ../out/clang-release/src/FCRRSU.o
>>> defined at libveins.dll

ld.lld: warning: duplicate symbol: typeinfo for omnetpp::cObject*
>>> defined at ../out/clang-release/src/FCRMessage_m.o
>>> defined at libveins.dll

ld.lld: warning: duplicate symbol: typeinfo for std::exception
>>> defined at ../out/clang-release/src/FCRRSU.o
>>> defined at libveins.dll

ld.lld: warning: duplicate symbol: non-virtual thunk to veins::BaseModule::finish(omnetpp::cComponent*, int)
>>> defined at C:/Users/Pranitha/Downloads/veins-5.3.1/veins-veins-5.3.1/src/veins/base/modules/BaseModule.h:0
>>>            ../out/clang-release/src/FCRRSU.o
>>> defined at libveins.dll
make[1]: Leaving directory '/c/Users/Pranitha/OneDrive/Desktop/ICDDR/FCR/src'
11:23:25 **** Incremental Build of configuration gcc-release for project veins ****
make MODE=release -j12 all 
make[1]: Entering directory '/c/Users/Pranitha/Downloads/veins-5.3.1/veins-veins-5.3.1/src'
make[1]: Nothing to be done for 'all'.
make[1]: Leaving directory '/c/Users/Pranitha/Downloads/veins-5.3.1/veins-veins-5.3.1/src'
11:23:27 **** Incremental Build of configuration release for project FCR ****
make MODE=release all 
cd src && /usr/bin/make
make[1]: Entering directory '/c/Users/Pranitha/OneDrive/Desktop/ICDDR/FCR/src'
make[1]: Nothing to be done for 'all'.
make[1]: Leaving directory '/c/Users/Pranitha/OneDrive/Desktop/ICDDR/FCR/src'
11:23:42 **** Incremental Build of configuration gcc-release for project veins ****
make MODE=release -j12 all 
make[1]: Entering directory '/c/Users/Pranitha/Downloads/veins-5.3.1/veins-veins-5.3.1/src'
make[1]: Nothing to be done for 'all'.
make[1]: Leaving directory '/c/Users/Pranitha/Downloads/veins-5.3.1/veins-veins-5.3.1/src'
11:23:44 **** Incremental Build of configuration release for project ICDDR ****
make MODE=release all 
cd src && /usr/bin/make
make[1]: Entering directory '/c/Users/Pranitha/OneDrive/Desktop/ICDDR/ICDDR/src'
make[1]: Nothing to be done for 'all'.
make[1]: Leaving directory '/c/Users/Pranitha/OneDrive/Desktop/ICDDR/ICDDR/src'
11:28:11 **** Incremental Build of configuration gcc-release for project veins ****
make MODE=release -j12 all 
make[1]: Entering directory '/c/Users/Pranitha/Downloads/veins-5.3.1/veins-veins-5.3.1/src'
make[1]: Nothing to be done for 'all'.
make[1]: Leaving directory '/c/Users/Pranitha/Downloads/veins-5.3.1/veins-veins-5.3.1/src'
11:28:14 **** Incremental Build of configuration release for project ICDDR ****
make MODE=release all 
cd src && /usr/bin/make
make[1]: Entering directory '/c/Users/Pranitha/OneDrive/Desktop/ICDDR/ICDDR/src'
make[1]: Nothing to be done for 'all'.
make[1]: Leaving directory '/c/Users/Pranitha/OneDrive/Desktop/ICDDR/ICDDR/src'
11:31:31 **** Incremental Build of configuration gcc-release for project veins ****
make MODE=release -j12 all 
make[1]: Entering directory '/c/Users/Pranitha/Downloads/veins-5.3.1/veins-veins-5.3.1/src'
make[1]: Nothing to be done for 'all'.
make[1]: Leaving directory '/c/Users/Pranitha/Downloads/veins-5.3.1/veins-veins-5.3.1/src'
11:31:34 **** Incremental Build of configuration release for project ICDDR ****
make MODE=release all 
cd src && /usr/bin/make
make[1]: Entering directory '/c/Users/Pranitha/OneDrive/Desktop/ICDDR/ICDDR/src'
make[1]: Nothing to be done for 'all'.
make[1]: Leaving directory '/c/Users/Pranitha/OneDrive/Desktop/ICDDR/ICDDR/src'
11:34:16 **** Incremental Build of configuration gcc-release for project veins ****
make MODE=release -j12 all 
make[1]: Entering directory '/c/Users/Pranitha/Downloads/veins-5.3.1/veins-veins-5.3.1/src'
make[1]: Nothing to be done for 'all'.
make[1]: Leaving directory '/c/Users/Pranitha/Downloads/veins-5.3.1/veins-veins-5.3.1/src'
11:34:19 **** Incremental Build of configuration release for project FCR ****
make MODE=release all 
cd src && /usr/bin/make
make[1]: Entering directory '/c/Users/Pranitha/OneDrive/Desktop/ICDDR/FCR/src'
make[1]: Nothing to be done for 'all'.
make[1]: Leaving directory '/c/Users/Pranitha/OneDrive/Desktop/ICDDR/FCR/src'
11:36:09 **** Incremental Build of configuration gcc-release for project veins ****
make MODE=release -j12 all 
make[1]: Entering directory '/c/Users/Pranitha/Downloads/veins-5.3.1/veins-veins-5.3.1/src'
make[1]: Nothing to be done for 'all'.
make[1]: Leaving directory '/c/Users/Pranitha/Downloads/veins-5.3.1/veins-veins-5.3.1/src'
11:36:12 **** Incremental Build of configuration release for project ICDDR ****
make MODE=release all 
cd src && /usr/bin/make
make[1]: Entering directory '/c/Users/Pranitha/OneDrive/Desktop/ICDDR/ICDDR/src'
make[1]: Nothing to be done for 'all'.
make[1]: Leaving directory '/c/Users/Pranitha/OneDrive/Desktop/ICDDR/ICDDR/src'
11:37:12 **** Incremental Build of configuration gcc-release for project veins ****
make MODE=release -j12 all 
make[1]: Entering directory '/c/Users/Pranitha/Downloads/veins-5.3.1/veins-veins-5.3.1/src'
make[1]: Nothing to be done for 'all'.
make[1]: Leaving directory '/c/Users/Pranitha/Downloads/veins-5.3.1/veins-veins-5.3.1/src'
11:37:15 **** Incremental Build of configuration release for project ICDDR ****
make MODE=release all 
cd src && /usr/bin/make
make[1]: Entering directory '/c/Users/Pranitha/OneDrive/Desktop/ICDDR/ICDDR/src'
make[1]: Nothing to be done for 'all'.
make[1]: Leaving directory '/c/Users/Pranitha/OneDrive/Desktop/ICDDR/ICDDR/src'
12:00:18 **** Incremental Build of configuration gcc-release for project veins ****
make MODE=release -j12 all 
make[1]: Entering directory '/c/Users/Pranitha/Downloads/veins-5.3.1/veins-veins-5.3.1/src'
make[1]: Nothing to be done for 'all'.
make[1]: Leaving directory '/c/Users/Pranitha/Downloads/veins-5.3.1/veins-veins-5.3.1/src'
12:00:21 **** Incremental Build of configuration release for project ICDDR ****
make MODE=release all 
cd src && /usr/bin/make
make[1]: Entering directory '/c/Users/Pranitha/OneDrive/Desktop/ICDDR/ICDDR/src'
make[1]: Nothing to be done for 'all'.
make[1]: Leaving directory '/c/Users/Pranitha/OneDrive/Desktop/ICDDR/ICDDR/src'
12:01:14 **** Incremental Build of configuration gcc-release for project veins ****
make MODE=release -j12 all 
make[1]: Entering directory '/c/Users/Pranitha/Downloads/veins-5.3.1/veins-veins-5.3.1/src'
make[1]: Nothing to be done for 'all'.
make[1]: Leaving directory '/c/Users/Pranitha/Downloads/veins-5.3.1/veins-veins-5.3.1/src'
12:01:17 **** Incremental Build of configuration release for project ICDDR ****
make MODE=release all 
cd src && /usr/bin/make
make[1]: Entering directory '/c/Users/Pranitha/OneDrive/Desktop/ICDDR/ICDDR/src'
make[1]: Nothing to be done for 'all'.
make[1]: Leaving directory '/c/Users/Pranitha/OneDrive/Desktop/ICDDR/ICDDR/src'
12:02:06 **** Incremental Build of configuration gcc-release for project veins ****
make MODE=release -j12 all 
make[1]: Entering directory '/c/Users/Pranitha/Downloads/veins-5.3.1/veins-veins-5.3.1/src'
make[1]: Nothing to be done for 'all'.
make[1]: Leaving directory '/c/Users/Pranitha/Downloads/veins-5.3.1/veins-veins-5.3.1/src'
12:02:08 **** Incremental Build of configuration release for project ICDDR ****
make MODE=release all 
cd src && /usr/bin/make
make[1]: Entering directory '/c/Users/Pranitha/OneDrive/Desktop/ICDDR/ICDDR/src'
make[1]: Nothing to be done for 'all'.
make[1]: Leaving directory '/c/Users/Pranitha/OneDrive/Desktop/ICDDR/ICDDR/src'
12:04:43 **** Incremental Build of configuration gcc-release for project veins ****
make MODE=release -j12 all 
make[1]: Entering directory '/c/Users/Pranitha/Downloads/veins-5.3.1/veins-veins-5.3.1/src'
make[1]: Nothing to be done for 'all'.
make[1]: Leaving directory '/c/Users/Pranitha/Downloads/veins-5.3.1/veins-veins-5.3.1/src'
12:04:45 **** Incremental Build of configuration release for project ICDDR ****
make MODE=release all 
cd src && /usr/bin/make
make[1]: Entering directory '/c/Users/Pranitha/OneDrive/Desktop/ICDDR/ICDDR/src'
make[1]: Nothing to be done for 'all'.
make[1]: Leaving directory '/c/Users/Pranitha/OneDrive/Desktop/ICDDR/ICDDR/src'
12:11:58 **** Incremental Build of configuration gcc-release for project veins ****
make MODE=release -j12 all 
make[1]: Entering directory '/c/Users/Pranitha/Downloads/veins-5.3.1/veins-veins-5.3.1/src'
make[1]: Nothing to be done for 'all'.
make[1]: Leaving directory '/c/Users/Pranitha/Downloads/veins-5.3.1/veins-veins-5.3.1/src'
12:12:01 **** Incremental Build of configuration release for project ICDDR ****
make MODE=release all 
cd src && /usr/bin/make
make[1]: Entering directory '/c/Users/Pranitha/OneDrive/Desktop/ICDDR/ICDDR/src'
make[1]: Nothing to be done for 'all'.
make[1]: Leaving directory '/c/Users/Pranitha/OneDrive/Desktop/ICDDR/ICDDR/src'
